linux52
Fri Jan 31 11:53:25 PM EST 2025
slurmstepd: error: execve(): source: No such file or directory
srun: error: linux52: task 0: Exited with exit code 2
Defaulting to user installation because normal site-packages is not writeable
Processing /home/users/ap794/generative-models
  Installing build dependencies: started
  Installing build dependencies: finished with status 'done'
  Getting requirements to build wheel: started
  Getting requirements to build wheel: finished with status 'done'
  Preparing metadata (pyproject.toml): started
  Preparing metadata (pyproject.toml): finished with status 'done'
Building wheels for collected packages: sgm
  Building wheel for sgm (pyproject.toml): started
  Building wheel for sgm (pyproject.toml): finished with status 'error'
  error: subprocess-exited-with-error
  
  × Building wheel for sgm (pyproject.toml) did not run successfully.
  │ exit code: 1
  ╰─> [30 lines of output]
      Traceback (most recent call last):
        File "/usr/lib/python3/dist-packages/pip/_vendor/pep517/in_process/_in_process.py", line 363, in <module>
          main()
        File "/usr/lib/python3/dist-packages/pip/_vendor/pep517/in_process/_in_process.py", line 345, in main
          json_out['return_val'] = hook(**hook_input['kwargs'])
        File "/usr/lib/python3/dist-packages/pip/_vendor/pep517/in_process/_in_process.py", line 261, in build_wheel
          return _build_backend().build_wheel(wheel_directory, config_settings,
        File "/tmp/pip-build-env-faemerhe/overlay/local/lib/python3.10/dist-packages/hatchling/build.py", line 58, in build_wheel
          return os.path.basename(next(builder.build(directory=wheel_directory, versions=['standard'])))
        File "/tmp/pip-build-env-faemerhe/overlay/local/lib/python3.10/dist-packages/hatchling/builders/plugin/interface.py", line 155, in build
          artifact = version_api[version](directory, **build_data)
        File "/tmp/pip-build-env-faemerhe/overlay/local/lib/python3.10/dist-packages/hatchling/builders/wheel.py", line 477, in build_standard
          for included_file in self.recurse_included_files():
        File "/tmp/pip-build-env-faemerhe/overlay/local/lib/python3.10/dist-packages/hatchling/builders/plugin/interface.py", line 176, in recurse_included_files
          yield from self.recurse_selected_project_files()
        File "/tmp/pip-build-env-faemerhe/overlay/local/lib/python3.10/dist-packages/hatchling/builders/plugin/interface.py", line 183, in recurse_selected_project_files
          yield from self.recurse_project_files()
        File "/tmp/pip-build-env-faemerhe/overlay/local/lib/python3.10/dist-packages/hatchling/builders/plugin/interface.py", line 202, in recurse_project_files
          if self.config.include_path(relative_file_path, is_package=is_package):
        File "/tmp/pip-build-env-faemerhe/overlay/local/lib/python3.10/dist-packages/hatchling/builders/config.py", line 69, in include_path
          and not self.path_is_excluded(relative_path)
        File "/tmp/pip-build-env-faemerhe/overlay/local/lib/python3.10/dist-packages/hatchling/builders/config.py", line 84, in path_is_excluded
          if self.exclude_spec is None:
        File "/usr/lib/python3.10/functools.py", line 981, in __get__
          val = self.func(instance)
        File "/tmp/pip-build-env-faemerhe/overlay/local/lib/python3.10/dist-packages/hatchling/builders/config.py", line 162, in exclude_spec
          all_exclude_patterns.extend(self.load_vcs_exclusion_patterns())
        File "/tmp/pip-build-env-faemerhe/overlay/local/lib/python3.10/dist-packages/hatchling/builders/config.py", line 789, in load_vcs_exclusion_patterns
          exclude_spec = pathspec.GitIgnoreSpec.from_lines(patterns)
      AttributeError: module 'pathspec' has no attribute 'GitIgnoreSpec'
      [end of output]
  
  note: This error originates from a subprocess, and is likely not a problem with pip.
  ERROR: Failed building wheel for sgm
Failed to build sgm
ERROR: Could not build wheels for sgm, which is required to install pyproject.toml-based projects
srun: error: linux52: task 0: Exited with exit code 1
Traceback (most recent call last):
  File "/home/users/ap794/generative-models/scripts/sampling/simple_video_sample.py", line 9, in <module>
    import cv2
ModuleNotFoundError: No module named 'cv2'
srun: error: linux52: task 0: Exited with exit code 1
